<?xml version="1.0" encoding="UTF-8" ?>
<testsuite tests="55" failures="1" name="TestSuite" time="1,406.2" errors="0" skipped="53">
  <properties>
[...]
</properties>
  <testcase classname="pl.testeroprogramowania.tests.CarSearchTest" name="searchForCarToRent" time="15.065"/>
  <testcase classname="pl.testeroprogramowania.tests.CarSearchTest" name="browserSetup" time="21.728">
    <failure message="unknown error: cannot determine loading status
from disconnected: unable to send message to renderer
  (Session info: chrome=98.0.4758.82)
Build info: version: &apos;3.141.59&apos;, revision: &apos;e82be7d358&apos;, time: &apos;2018-11-14T08:17:03&apos;
System info: host: &apos;DESKTOP-9QM8UQV&apos;, ip: &apos;192.168.100.131&apos;, os.name: &apos;Windows 10&apos;, os.arch: &apos;amd64&apos;, os.version: &apos;10.0&apos;, java.version: &apos;16.0.2&apos;
Driver info: org.openqa.selenium.chrome.ChromeDriver
Capabilities {acceptInsecureCerts: false, browserName: chrome, browserVersion: 98.0.4758.82, chrome: {chromedriverVersion: 98.0.4758.102 (273bf7ac8c90..., userDataDir: C:\Users\Laptop\AppData\Loc...}, goog:chromeOptions: {debuggerAddress: localhost:61544}, javascriptEnabled: true, networkConnectionEnabled: false, pageLoadStrategy: normal, platform: WINDOWS, platformName: WINDOWS, proxy: Proxy(), setWindowRect: true, strictFileInteractability: false, timeouts: {implicit: 0, pageLoad: 300000, script: 30000}, unhandledPromptBehavior: dismiss and notify, webauthn:extension:credBlob: true, webauthn:extension:largeBlob: true, webauthn:virtualAuthenticators: true}
Session ID: dcaf83aa4ccae81fc008ef27c70d31a2" type="org.openqa.selenium.WebDriverException">org.openqa.selenium.WebDriverException: unknown error: cannot determine loading status
from disconnected: unable to send message to renderer
  (Session info: chrome=98.0.4758.82)
Build info: version: &apos;3.141.59&apos;, revision: &apos;e82be7d358&apos;, time: &apos;2018-11-14T08:17:03&apos;
System info: host: &apos;DESKTOP-9QM8UQV&apos;, ip: &apos;192.168.100.131&apos;, os.name: &apos;Windows 10&apos;, os.arch: &apos;amd64&apos;, os.version: &apos;10.0&apos;, java.version: &apos;16.0.2&apos;
Driver info: org.openqa.selenium.chrome.ChromeDriver
Capabilities {acceptInsecureCerts: false, browserName: chrome, browserVersion: 98.0.4758.82, chrome: {chromedriverVersion: 98.0.4758.102 (273bf7ac8c90..., userDataDir: C:\Users\Laptop\AppData\Loc...}, goog:chromeOptions: {debuggerAddress: localhost:61544}, javascriptEnabled: true, networkConnectionEnabled: false, pageLoadStrategy: normal, platform: WINDOWS, platformName: WINDOWS, proxy: Proxy(), setWindowRect: true, strictFileInteractability: false, timeouts: {implicit: 0, pageLoad: 300000, script: 30000}, unhandledPromptBehavior: dismiss and notify, webauthn:extension:credBlob: true, webauthn:extension:largeBlob: true, webauthn:virtualAuthenticators: true}
Session ID: dcaf83aa4ccae81fc008ef27c70d31a2
	at java.base/jdk.internal.reflect.NativeConstructorAccessorImpl.newInstance0(Native Method)
	at java.base/jdk.internal.reflect.NativeConstructorAccessorImpl.newInstance(NativeConstructorAccessorImpl.java:78)
	at java.base/jdk.internal.reflect.DelegatingConstructorAccessorImpl.newInstance(DelegatingConstructorAccessorImpl.java:45)
	at java.base/java.lang.reflect.Constructor.newInstanceWithCaller(Constructor.java:499)
	at java.base/java.lang.reflect.Constructor.newInstance(Constructor.java:480)
	at org.openqa.selenium.remote.http.W3CHttpResponseCodec.createException(W3CHttpResponseCodec.java:187)
	at org.openqa.selenium.remote.http.W3CHttpResponseCodec.decode(W3CHttpResponseCodec.java:122)
	at org.openqa.selenium.remote.http.W3CHttpResponseCodec.decode(W3CHttpResponseCodec.java:49)
	at org.openqa.selenium.remote.HttpCommandExecutor.execute(HttpCommandExecutor.java:158)
	at org.openqa.selenium.remote.service.DriverCommandExecutor.execute(DriverCommandExecutor.java:83)
	at org.openqa.selenium.remote.RemoteWebDriver.execute(RemoteWebDriver.java:552)
	at org.openqa.selenium.remote.RemoteWebDriver.get(RemoteWebDriver.java:277)
	at pl.testeroprogramowania.tests.BaseTest.browserSetup(BaseTest.java:18)
	at java.base/jdk.internal.reflect.NativeMethodAccessorImpl.invoke0(Native Method)
	at java.base/jdk.internal.reflect.NativeMethodAccessorImpl.invoke(NativeMethodAccessorImpl.java:78)
	at java.base/jdk.internal.reflect.DelegatingMethodAccessorImpl.invoke(DelegatingMethodAccessorImpl.java:43)
	at java.base/java.lang.reflect.Method.invoke(Method.java:567)
	at org.testng.internal.MethodInvocationHelper.invokeMethod(MethodInvocationHelper.java:124)
	at org.testng.internal.MethodInvocationHelper.invokeMethodConsideringTimeout(MethodInvocationHelper.java:59)
	at org.testng.internal.Invoker.invokeConfigurationMethod(Invoker.java:458)
	at org.testng.internal.Invoker.invokeConfigurations(Invoker.java:222)
	at org.testng.internal.Invoker.invokeMethod(Invoker.java:523)
	at org.testng.internal.Invoker.invokeTestMethod(Invoker.java:719)
	at org.testng.internal.Invoker.invokeTestMethods(Invoker.java:989)
	at org.testng.internal.TestMethodWorker.invokeTestMethods(TestMethodWorker.java:125)
	at org.testng.internal.TestMethodWorker.run(TestMethodWorker.java:109)
	at org.testng.TestRunner.privateRun(TestRunner.java:648)
	at org.testng.TestRunner.run(TestRunner.java:505)
	at org.testng.SuiteRunner.runTest(SuiteRunner.java:455)
	at org.testng.SuiteRunner.runSequentially(SuiteRunner.java:450)
	at org.testng.SuiteRunner.privateRun(SuiteRunner.java:415)
	at org.testng.SuiteRunner.run(SuiteRunner.java:364)
	at org.testng.SuiteRunnerWorker.runSuite(SuiteRunnerWorker.java:52)
	at org.testng.SuiteRunnerWorker.run(SuiteRunnerWorker.java:84)
	at org.testng.TestNG.runSuitesSequentially(TestNG.java:1208)
	at org.testng.TestNG.runSuitesLocally(TestNG.java:1137)
	at org.testng.TestNG.runSuites(TestNG.java:1049)
	at org.testng.TestNG.run(TestNG.java:1017)
	at org.apache.maven.surefire.testng.TestNGExecutor.run(TestNGExecutor.java:77)
	at org.apache.maven.surefire.testng.TestNGDirectoryTestSuite.executeMulti(TestNGDirectoryTestSuite.java:159)
	at org.apache.maven.surefire.testng.TestNGDirectoryTestSuite.execute(TestNGDirectoryTestSuite.java:99)
	at org.apache.maven.surefire.testng.TestNGProvider.invoke(TestNGProvider.java:106)
	at java.base/jdk.internal.reflect.NativeMethodAccessorImpl.invoke0(Native Method)
	at java.base/jdk.internal.reflect.NativeMethodAccessorImpl.invoke(NativeMethodAccessorImpl.java:78)
	at java.base/jdk.internal.reflect.DelegatingMethodAccessorImpl.invoke(DelegatingMethodAccessorImpl.java:43)
	at java.base/java.lang.reflect.Method.invoke(Method.java:567)
	at org.apache.maven.surefire.util.ReflectionUtils.invokeMethodWithArray(ReflectionUtils.java:189)
	at org.apache.maven.surefire.booter.ProviderFactory$ProviderProxy.invoke(ProviderFactory.java:165)
	at org.apache.maven.surefire.booter.ProviderFactory.invokeProvider(ProviderFactory.java:85)
	at org.apache.maven.surefire.booter.ForkedBooter.runSuitesInProcess(ForkedBooter.java:115)
	at org.apache.maven.surefire.booter.ForkedBooter.main(ForkedBooter.java:75)
</failure>
    <system-err>Starting ChromeDriver 98.0.4758.102 (273bf7ac8c909cde36982d27f66f3c70846a3718-refs/branch-heads/4758@{#1151}) on port 15369
Only local connections are allowed.
Please see https://chromedriver.chromium.org/security-considerations for suggestions on keeping ChromeDriver safe.
ChromeDriver was started successfully.
lut 15, 2022 7:14:20 PM org.openqa.selenium.remote.ProtocolHandshake createSession
INFO: Detected dialect: W3C
</system-err>
  </testcase>
  <testcase classname="pl.testeroprogramowania.tests.CarSearchTest" name="searchForCarToRentDifLocations" time="21.872">
    <skipped/>
  </testcase>
  <testcase classname="pl.testeroprogramowania.tests.CarSearchTest" name="browserTearDown" time="21.872">
    <skipped/>
  </testcase>
  <testcase classname="pl.testeroprogramowania.tests.CarSearchTest" name="browserSetup" time="25.978">
    <skipped/>
  </testcase>
  <testcase classname="pl.testeroprogramowania.tests.CarSearchTest" name="searchWithDataProvider" time="25.978">
    <skipped/>
  </testcase>
  <testcase classname="pl.testeroprogramowania.tests.CarSearchTest" name="browserTearDown" time="25.987">
    <skipped/>
  </testcase>
  <testcase classname="pl.testeroprogramowania.tests.CarSearchTest" name="browserSetup" time="25.987">
    <skipped/>
  </testcase>
  <testcase classname="pl.testeroprogramowania.tests.CarSearchTest" name="searchWithDataProvider" time="25.988">
    <skipped/>
  </testcase>
  <testcase classname="pl.testeroprogramowania.tests.CarSearchTest" name="browserTearDown" time="25.988">
    <skipped/>
  </testcase>
  <testcase classname="pl.testeroprogramowania.tests.CarSearchTest" name="browserSetup" time="25.988">
    <skipped/>
  </testcase>
  <testcase classname="pl.testeroprogramowania.tests.CarSearchTest" name="searchWithDataProvider" time="25.988">
    <skipped/>
  </testcase>
  <testcase classname="pl.testeroprogramowania.tests.CarSearchTest" name="browserTearDown" time="25.988">
    <skipped/>
  </testcase>
  <testcase classname="pl.testeroprogramowania.tests.CarSearchTest" name="browserSetup" time="25.988">
    <skipped/>
  </testcase>
  <testcase classname="pl.testeroprogramowania.tests.CarSearchTest" name="searchWithDataProvider" time="25.988">
    <skipped/>
  </testcase>
  <testcase classname="pl.testeroprogramowania.tests.CarSearchTest" name="browserTearDown" time="25.988">
    <skipped/>
  </testcase>
  <testcase classname="pl.testeroprogramowania.tests.CarSearchTest" name="browserSetup" time="25.988">
    <skipped/>
  </testcase>
  <testcase classname="pl.testeroprogramowania.tests.CarSearchTest" name="searchWithDataProvider" time="25.989">
    <skipped/>
  </testcase>
  <testcase classname="pl.testeroprogramowania.tests.CarSearchTest" name="browserTearDown" time="25.989">
    <skipped/>
  </testcase>
  <testcase classname="pl.testeroprogramowania.tests.CarSearchTest" name="browserSetup" time="25.989">
    <skipped/>
  </testcase>
  <testcase classname="pl.testeroprogramowania.tests.CarSearchTest" name="searchWithDataProvider" time="25.989">
    <skipped/>
  </testcase>
  <testcase classname="pl.testeroprogramowania.tests.CarSearchTest" name="browserTearDown" time="25.989">
    <skipped/>
  </testcase>
  <testcase classname="pl.testeroprogramowania.tests.CarSearchTest" name="browserSetup" time="25.989">
    <skipped/>
  </testcase>
  <testcase classname="pl.testeroprogramowania.tests.CarSearchTest" name="searchWithDataProvider" time="25.989">
    <skipped/>
  </testcase>
  <testcase classname="pl.testeroprogramowania.tests.CarSearchTest" name="browserTearDown" time="25.995">
    <skipped/>
  </testcase>
  <testcase classname="pl.testeroprogramowania.tests.CarSearchTest" name="browserSetup" time="25.995">
    <skipped/>
  </testcase>
  <testcase classname="pl.testeroprogramowania.tests.CarSearchTest" name="searchWithDataProvider" time="25.996">
    <skipped/>
  </testcase>
  <testcase classname="pl.testeroprogramowania.tests.CarSearchTest" name="browserTearDown" time="25.996">
    <skipped/>
  </testcase>
  <testcase classname="pl.testeroprogramowania.tests.CarSearchTest" name="browserSetup" time="25.996">
    <skipped/>
  </testcase>
  <testcase classname="pl.testeroprogramowania.tests.CarSearchTest" name="searchWithDataProvider" time="25.996">
    <skipped/>
  </testcase>
  <testcase classname="pl.testeroprogramowania.tests.CarSearchTest" name="browserTearDown" time="25.996">
    <skipped/>
  </testcase>
  <testcase classname="pl.testeroprogramowania.tests.CarSearchTest" name="browserSetup" time="25.996">
    <skipped/>
  </testcase>
  <testcase classname="pl.testeroprogramowania.tests.CarSearchTest" name="searchWithDataProvider" time="25.996">
    <skipped/>
  </testcase>
  <testcase classname="pl.testeroprogramowania.tests.CarSearchTest" name="browserTearDown" time="25.996">
    <skipped/>
  </testcase>
  <testcase classname="pl.testeroprogramowania.tests.CarSearchTest" name="browserSetup" time="25.996">
    <skipped/>
  </testcase>
  <testcase classname="pl.testeroprogramowania.tests.CarSearchTest" name="searchWithDataProvider" time="25.996">
    <skipped/>
  </testcase>
  <testcase classname="pl.testeroprogramowania.tests.CarSearchTest" name="browserTearDown" time="25.996">
    <skipped/>
  </testcase>
  <testcase classname="pl.testeroprogramowania.tests.CarSearchTest" name="browserSetup" time="25.996">
    <skipped/>
  </testcase>
  <testcase classname="pl.testeroprogramowania.tests.CarSearchTest" name="searchWithDataProvider" time="25.996">
    <skipped/>
  </testcase>
  <testcase classname="pl.testeroprogramowania.tests.CarSearchTest" name="browserTearDown" time="25.996">
    <skipped/>
  </testcase>
  <testcase classname="pl.testeroprogramowania.tests.CarSearchTest" name="browserSetup" time="25.996">
    <skipped/>
  </testcase>
  <testcase classname="pl.testeroprogramowania.tests.CarSearchTest" name="searchWithDateFromThePast" time="25.996">
    <skipped/>
  </testcase>
  <testcase classname="pl.testeroprogramowania.tests.CarSearchTest" name="browserTearDown" time="25.996">
    <skipped/>
  </testcase>
  <testcase classname="pl.testeroprogramowania.tests.CarSearchTest" name="browserSetup" time="25.997">
    <skipped/>
  </testcase>
  <testcase classname="pl.testeroprogramowania.tests.CarSearchTest" name="searchWithInvalidDateCharacters" time="25.997">
    <skipped/>
  </testcase>
  <testcase classname="pl.testeroprogramowania.tests.CarSearchTest" name="browserTearDown" time="25.997">
    <skipped/>
  </testcase>
  <testcase classname="pl.testeroprogramowania.tests.CarSearchTest" name="browserSetup" time="25.997">
    <skipped/>
  </testcase>
  <testcase classname="pl.testeroprogramowania.tests.CarSearchTest" name="searchWithInvalidTimeCharacters" time="25.997">
    <skipped/>
  </testcase>
  <testcase classname="pl.testeroprogramowania.tests.CarSearchTest" name="browserTearDown" time="25.997">
    <skipped/>
  </testcase>
  <testcase classname="pl.testeroprogramowania.tests.CarSearchTest" name="browserSetup" time="25.997">
    <skipped/>
  </testcase>
  <testcase classname="pl.testeroprogramowania.tests.CarSearchTest" name="searchWithNonExistentDate" time="25.997">
    <skipped/>
  </testcase>
  <testcase classname="pl.testeroprogramowania.tests.CarSearchTest" name="browserTearDown" time="26.002">
    <skipped/>
  </testcase>
  <testcase classname="pl.testeroprogramowania.tests.CarSearchTest" name="browserSetup" time="26.003">
    <skipped/>
  </testcase>
  <testcase classname="pl.testeroprogramowania.tests.CarSearchTest" name="searchWithoutCityName" time="26.007">
    <skipped/>
  </testcase>
  <testcase classname="pl.testeroprogramowania.tests.CarSearchTest" name="browserTearDown" time="26.008">
    <skipped/>
  </testcase>
</testsuite>